
Showing logs for build [32mmeta-cb-kubecd-environment-pr-1-l2j82-2[0m stage [32mmeta-pipeline[0m and container [32mstep-credential-initializer-8278f[0m
{"level":"warn","ts":1579741338.9990509,"logger":"fallback-logger","caller":"logging/config.go:69","msg":"Fetch GitHub commit ID from kodata failed: \"ref: refs/heads/0.8.0-**-support-backwards-incompats\" is not a valid GitHub commit ID"}
{"level":"info","ts":1579741338.999892,"logger":"fallback-logger","caller":"creds-init/main.go:40","msg":"Credentials initialized."}

Showing logs for build [32mmeta-cb-kubecd-environment-pr-1-l2j82-2[0m stage [32mmeta-pipeline[0m and container [32mstep-working-dir-initializer-6r7kt[0m
{"level":"warn","ts":1579741340.1453671,"logger":"fallback-logger","caller":"logging/config.go:69","msg":"Fetch GitHub commit ID from kodata failed: open /var/run/ko/HEAD: no such file or directory"}
{"level":"info","ts":1579741340.147448,"logger":"fallback-logger","caller":"bash/main.go:64","msg":"Successfully executed command \"sh -c mkdir -p /workspace/source\"; output "}

Showing logs for build [32mmeta-cb-kubecd-environment-pr-1-l2j82-2[0m stage [32mmeta-pipeline[0m and container [32mstep-place-tools[0m

Showing logs for build [32mmeta-cb-kubecd-environment-pr-1-l2j82-2[0m stage [32mmeta-pipeline[0m and container [32mstep-git-source-meta-cb-kubecd-environment-pr-1-2tjxm[0m
{"level":"warn","ts":1579741346.364141,"logger":"fallback-logger","caller":"logging/config.go:69","msg":"Fetch GitHub commit ID from kodata failed: \"ref: refs/heads/0.8.0-**-support-backwards-incompats\" is not a valid GitHub commit ID"}
{"level":"info","ts":1579741347.5685916,"logger":"fallback-logger","caller":"git/git.go:103","msg":"Successfully cloned https://github.com/cb-kubecd/environment-pr-153-5-boot-gke-staging.git @ 0e11df9e1595aa65253bf29c7c417b19f4b10928 in path /workspace/source"}

Showing logs for build [32mmeta-cb-kubecd-environment-pr-1-l2j82-2[0m stage [32mmeta-pipeline[0m and container [32mstep-git-merge[0m
Using SHAs from PULL_REFS=master:0e11df9e1595aa65253bf29c7c417b19f4b10928,3:2c9982a5acc820b2a5edfa028bd21f247ec3f808
DEBUG: ran git fetch --unshallow origin 2c9982a5acc820b2a5edfa028bd21f247ec3f808: 0e11df9e1595aa65253bf29c7c417b19f4b10928: in 
DEBUG: ran git checkout master in 
DEBUG: ran git reset --hard 0e11df9e1595aa65253bf29c7c417b19f4b10928 in 
DEBUG: ran clean --force -d . in 
error: error during merge: merging 2c9982a5acc820b2a5edfa028bd21f247ec3f808 into master: git output: Auto-merging env/requirements.yaml
CONFLICT (content): Merge conflict in env/requirements.yaml
Automatic merge failed; fix conflicts and then commit the result.: failed to run 'git merge 2c9982a5acc820b2a5edfa028bd21f247ec3f808' command in directory '', output: 'Auto-merging env/requirements.yaml
CONFLICT (content): Merge conflict in env/requirements.yaml
Automatic merge failed; fix conflicts and then commit the result.'
[31m
Pipeline failed on stage 'meta-pipeline' : container 'step-git-merge'. The execution of the pipeline has stopped.[0m
